This file contains any messages produced by compilers while
running configure, to aid debugging if configure makes a mistake.

It was created by Firmware Mod Kit configure 0.4.0, which was
generated by GNU Autoconf 2.72.  Invocation command line was

  $ ./configure

## --------- ##
## Platform. ##
## --------- ##

hostname = fuzztop
uname -m = x86_64
uname -r = 6.12.20-amd64
uname -s = Linux
uname -v = #1 SMP PREEMPT_DYNAMIC Kali 6.12.20-1kali1 (2025-03-26)

/usr/bin/uname -p = unknown
/bin/uname -X     = unknown

/bin/arch              = x86_64
/usr/bin/arch -k       = unknown
/usr/convex/getsysinfo = unknown
/usr/bin/hostinfo      = unknown
/bin/machine           = unknown
/usr/bin/oslevel       = unknown
/bin/universe          = unknown

PATH: /usr/local/sbin/
PATH: /usr/local/bin/
PATH: /usr/sbin/
PATH: /usr/bin/
PATH: /sbin/
PATH: /bin/
PATH: /usr/local/games/
PATH: /usr/games/


## ----------- ##
## Core tests. ##
## ----------- ##

configure:2616: looking for aux files: config.guess config.sub
configure:2629:  trying ./
configure:2658:   ./config.guess found
configure:2658:   ./config.sub found
configure:2834: checking for gcc
configure:2855: found /usr/bin/gcc
configure:2867: result: gcc
configure:3226: checking for C compiler version
configure:3235: gcc --version >&5
gcc (Debian 14.2.0-19) 14.2.0
Copyright (C) 2024 Free Software Foundation, Inc.
This is free software; see the source for copying conditions.  There is NO
warranty; not even for MERCHANTABILITY or FITNESS FOR A PARTICULAR PURPOSE.

configure:3246: $? = 0
configure:3235: gcc -v >&5
Using built-in specs.
COLLECT_GCC=gcc
COLLECT_LTO_WRAPPER=/usr/libexec/gcc/x86_64-linux-gnu/14/lto-wrapper
OFFLOAD_TARGET_NAMES=nvptx-none:amdgcn-amdhsa
OFFLOAD_TARGET_DEFAULT=1
Target: x86_64-linux-gnu
Configured with: ../src/configure -v --with-pkgversion='Debian 14.2.0-19' --with-bugurl=file:///usr/share/doc/gcc-14/README.Bugs --enable-languages=c,ada,c++,go,d,fortran,objc,obj-c++,m2,rust --prefix=/usr --with-gcc-major-version-only --program-suffix=-14 --program-prefix=x86_64-linux-gnu- --enable-shared --enable-linker-build-id --libexecdir=/usr/libexec --without-included-gettext --enable-threads=posix --libdir=/usr/lib --enable-nls --enable-bootstrap --enable-clocale=gnu --enable-libstdcxx-debug --enable-libstdcxx-time=yes --with-default-libstdcxx-abi=new --enable-libstdcxx-backtrace --enable-gnu-unique-object --disable-vtable-verify --enable-plugin --enable-default-pie --with-system-zlib --enable-libphobos-checking=release --with-target-system-zlib=auto --enable-objc-gc=auto --enable-multiarch --disable-werror --enable-cet --with-arch-32=i686 --with-abi=m64 --with-multilib-list=m32,m64,mx32 --enable-multilib --with-tune=generic --enable-offload-targets=nvptx-none=/build/reproducible-path/gcc-14-14.2.0/debian/tmp-nvptx/usr,amdgcn-amdhsa=/build/reproducible-path/gcc-14-14.2.0/debian/tmp-gcn/usr --enable-offload-defaulted --without-cuda-driver --enable-checking=release --build=x86_64-linux-gnu --host=x86_64-linux-gnu --target=x86_64-linux-gnu --with-build-config=bootstrap-lto-lean --enable-link-serialization=3
Thread model: posix
Supported LTO compression algorithms: zlib zstd
gcc version 14.2.0 (Debian 14.2.0-19) 
... rest of stderr output deleted ...
configure:3246: $? = 0
configure:3235: gcc -V >&5
gcc: error: unrecognized command-line option '-V'
gcc: fatal error: no input files
compilation terminated.
configure:3246: $? = 1
configure:3235: gcc -qversion >&5
gcc: error: unrecognized command-line option '-qversion'; did you mean '--version'?
gcc: fatal error: no input files
compilation terminated.
configure:3246: $? = 1
configure:3235: gcc -version >&5
gcc: error: unrecognized command-line option '-version'
gcc: fatal error: no input files
compilation terminated.
configure:3246: $? = 1
configure:3266: checking whether the C compiler works
configure:3288: gcc    conftest.c  >&5
configure:3292: $? = 0
configure:3343: result: yes
configure:3347: checking for C compiler default output file name
configure:3349: result: a.out
configure:3355: checking for suffix of executables
configure:3362: gcc -o conftest    conftest.c  >&5
configure:3366: $? = 0
configure:3390: result: 
configure:3414: checking whether we are cross compiling
configure:3422: gcc -o conftest    conftest.c  >&5
configure:3426: $? = 0
configure:3433: ./conftest
configure:3437: $? = 0
configure:3452: result: no
configure:3458: checking for suffix of object files
configure:3481: gcc -c   conftest.c >&5
configure:3485: $? = 0
configure:3509: result: o
configure:3513: checking whether the compiler supports GNU C
configure:3533: gcc -c   conftest.c >&5
configure:3533: $? = 0
configure:3545: result: yes
configure:3556: checking whether gcc accepts -g
configure:3577: gcc -c -g  conftest.c >&5
configure:3577: $? = 0
configure:3624: result: yes
configure:3644: checking for gcc option to enable C11 features
configure:3659: gcc  -c -g -O2  conftest.c >&5
configure:3659: $? = 0
configure:3678: result: none needed
configure:3866: checking for g++
configure:3887: found /usr/bin/g++
configure:3899: result: g++
configure:3926: checking for C++ compiler version
configure:3935: g++ --version >&5
g++ (Debian 14.2.0-19) 14.2.0
Copyright (C) 2024 Free Software Foundation, Inc.
This is free software; see the source for copying conditions.  There is NO
warranty; not even for MERCHANTABILITY or FITNESS FOR A PARTICULAR PURPOSE.

configure:3946: $? = 0
configure:3935: g++ -v >&5
Using built-in specs.
COLLECT_GCC=g++
COLLECT_LTO_WRAPPER=/usr/libexec/gcc/x86_64-linux-gnu/14/lto-wrapper
OFFLOAD_TARGET_NAMES=nvptx-none:amdgcn-amdhsa
OFFLOAD_TARGET_DEFAULT=1
Target: x86_64-linux-gnu
Configured with: ../src/configure -v --with-pkgversion='Debian 14.2.0-19' --with-bugurl=file:///usr/share/doc/gcc-14/README.Bugs --enable-languages=c,ada,c++,go,d,fortran,objc,obj-c++,m2,rust --prefix=/usr --with-gcc-major-version-only --program-suffix=-14 --program-prefix=x86_64-linux-gnu- --enable-shared --enable-linker-build-id --libexecdir=/usr/libexec --without-included-gettext --enable-threads=posix --libdir=/usr/lib --enable-nls --enable-bootstrap --enable-clocale=gnu --enable-libstdcxx-debug --enable-libstdcxx-time=yes --with-default-libstdcxx-abi=new --enable-libstdcxx-backtrace --enable-gnu-unique-object --disable-vtable-verify --enable-plugin --enable-default-pie --with-system-zlib --enable-libphobos-checking=release --with-target-system-zlib=auto --enable-objc-gc=auto --enable-multiarch --disable-werror --enable-cet --with-arch-32=i686 --with-abi=m64 --with-multilib-list=m32,m64,mx32 --enable-multilib --with-tune=generic --enable-offload-targets=nvptx-none=/build/reproducible-path/gcc-14-14.2.0/debian/tmp-nvptx/usr,amdgcn-amdhsa=/build/reproducible-path/gcc-14-14.2.0/debian/tmp-gcn/usr --enable-offload-defaulted --without-cuda-driver --enable-checking=release --build=x86_64-linux-gnu --host=x86_64-linux-gnu --target=x86_64-linux-gnu --with-build-config=bootstrap-lto-lean --enable-link-serialization=3
Thread model: posix
Supported LTO compression algorithms: zlib zstd
gcc version 14.2.0 (Debian 14.2.0-19) 
... rest of stderr output deleted ...
configure:3946: $? = 0
configure:3935: g++ -V >&5
g++: error: unrecognized command-line option '-V'
g++: fatal error: no input files
compilation terminated.
configure:3946: $? = 1
configure:3935: g++ -qversion >&5
g++: error: unrecognized command-line option '-qversion'; did you mean '--version'?
g++: fatal error: no input files
compilation terminated.
configure:3946: $? = 1
configure:3950: checking whether the compiler supports GNU C++
configure:3970: g++ -c   conftest.cpp >&5
configure:3970: $? = 0
configure:3982: result: yes
configure:3993: checking whether g++ accepts -g
configure:4014: g++ -c -g  conftest.cpp >&5
configure:4014: $? = 0
configure:4061: result: yes
configure:4081: checking for g++ option to enable C++11 features
configure:4096: g++  -c -g -O2  conftest.cpp >&5
conftest.cpp: In function 'int main(int, char**)':
conftest.cpp:175:25: warning: empty parentheses were disambiguated as a function declaration [-Wvexing-parse]
  175 |   cxx11test::delegate d2();
      |                         ^~
conftest.cpp:175:25: note: remove parentheses to default-initialize a variable
  175 |   cxx11test::delegate d2();
      |                         ^~
      |                         --
conftest.cpp:175:25: note: or replace parentheses with braces to value-initialize a variable
configure:4096: $? = 0
configure:4115: result: none needed
configure:4190: checking for stdio.h
configure:4190: gcc -c -g -O2  conftest.c >&5
configure:4190: $? = 0
configure:4190: result: yes
configure:4190: checking for stdlib.h
configure:4190: gcc -c -g -O2  conftest.c >&5
configure:4190: $? = 0
configure:4190: result: yes
configure:4190: checking for string.h
configure:4190: gcc -c -g -O2  conftest.c >&5
configure:4190: $? = 0
configure:4190: result: yes
configure:4190: checking for inttypes.h
configure:4190: gcc -c -g -O2  conftest.c >&5
configure:4190: $? = 0
configure:4190: result: yes
configure:4190: checking for stdint.h
configure:4190: gcc -c -g -O2  conftest.c >&5
configure:4190: $? = 0
configure:4190: result: yes
configure:4190: checking for strings.h
configure:4190: gcc -c -g -O2  conftest.c >&5
configure:4190: $? = 0
configure:4190: result: yes
configure:4190: checking for sys/stat.h
configure:4190: gcc -c -g -O2  conftest.c >&5
configure:4190: $? = 0
configure:4190: result: yes
configure:4190: checking for sys/types.h
configure:4190: gcc -c -g -O2  conftest.c >&5
configure:4190: $? = 0
configure:4190: result: yes
configure:4190: checking for unistd.h
configure:4190: gcc -c -g -O2  conftest.c >&5
configure:4190: $? = 0
configure:4190: result: yes
configure:4215: checking for size_t
configure:4215: gcc -c -g -O2  conftest.c >&5
configure:4215: $? = 0
configure:4215: gcc -c -g -O2  conftest.c >&5
conftest.c: In function 'main':
conftest.c:50:21: error: expected expression before ')' token
   50 | if (sizeof ((size_t)))
      |                     ^
configure:4215: $? = 1
configure: failed program was:
| /* confdefs.h */
| #define PACKAGE_NAME "Firmware Mod Kit"
| #define PACKAGE_TARNAME "firmware-mod-kit"
| #define PACKAGE_VERSION "0.4.0"
| #define PACKAGE_STRING "Firmware Mod Kit 0.4.0"
| #define PACKAGE_BUGREPORT "http://firmware-mod-kit.googlecode.com"
| #define PACKAGE_URL ""
| #define HAVE_STDIO_H 1
| #define HAVE_STDLIB_H 1
| #define HAVE_STRING_H 1
| #define HAVE_INTTYPES_H 1
| #define HAVE_STDINT_H 1
| #define HAVE_STRINGS_H 1
| #define HAVE_SYS_STAT_H 1
| #define HAVE_SYS_TYPES_H 1
| #define HAVE_UNISTD_H 1
| #define STDC_HEADERS 1
| /* end confdefs.h.  */
| #include <stddef.h>
| #ifdef HAVE_STDIO_H
| # include <stdio.h>
| #endif
| #ifdef HAVE_STDLIB_H
| # include <stdlib.h>
| #endif
| #ifdef HAVE_STRING_H
| # include <string.h>
| #endif
| #ifdef HAVE_INTTYPES_H
| # include <inttypes.h>
| #endif
| #ifdef HAVE_STDINT_H
| # include <stdint.h>
| #endif
| #ifdef HAVE_STRINGS_H
| # include <strings.h>
| #endif
| #ifdef HAVE_SYS_TYPES_H
| # include <sys/types.h>
| #endif
| #ifdef HAVE_SYS_STAT_H
| # include <sys/stat.h>
| #endif
| #ifdef HAVE_UNISTD_H
| # include <unistd.h>
| #endif
| int
| main (void)
| {
| if (sizeof ((size_t)))
| 	    return 0;
|   ;
|   return 0;
| }
configure:4215: result: yes
configure:4234: checking build system type
configure:4250: result: x86_64-pc-linux-gnu
configure:4270: checking host system type
configure:4285: result: x86_64-pc-linux-gnu
configure:4305: checking for GNU libc compatible malloc
configure:4337: gcc -o conftest -g -O2   conftest.c  >&5
configure:4337: $? = 0
configure:4337: ./conftest
configure:4337: $? = 0
configure:4351: result: yes
configure:4378: checking for arpa/inet.h
configure:4378: gcc -c -g -O2  conftest.c >&5
configure:4378: $? = 0
configure:4378: result: yes
configure:4378: checking for fcntl.h
configure:4378: gcc -c -g -O2  conftest.c >&5
configure:4378: $? = 0
configure:4378: result: yes
configure:4378: checking for stdlib.h
configure:4378: result: yes
configure:4378: checking for string.h
configure:4378: result: yes
configure:4378: checking for unistd.h
configure:4378: result: yes
configure:4395: checking for memset
configure:4395: gcc -o conftest -g -O2   conftest.c  >&5
conftest.c:41:6: warning: conflicting types for built-in function 'memset'; expected 'void *(void *, int,  long unsigned int)' [-Wbuiltin-declaration-mismatch]
   41 | char memset (void);
      |      ^~~~~~
conftest.c:33:1: note: 'memset' is declared in header '<string.h>'
   32 | #include <limits.h>
   33 | #undef memset
configure:4395: $? = 0
configure:4395: result: yes
configure:4395: checking for malloc
configure:4395: gcc -o conftest -g -O2   conftest.c  >&5
conftest.c:42:6: warning: conflicting types for built-in function 'malloc'; expected 'void *(long unsigned int)' [-Wbuiltin-declaration-mismatch]
   42 | char malloc (void);
      |      ^~~~~~
conftest.c:34:1: note: 'malloc' is declared in header '<stdlib.h>'
   33 | #include <limits.h>
   34 | #undef malloc
configure:4395: $? = 0
configure:4395: result: yes
configure:4395: checking for strstr
configure:4395: gcc -o conftest -g -O2   conftest.c  >&5
conftest.c:43:6: warning: conflicting types for built-in function 'strstr'; expected 'char *(const char *, const char *)' [-Wbuiltin-declaration-mismatch]
   43 | char strstr (void);
      |      ^~~~~~
conftest.c:35:1: note: 'strstr' is declared in header '<string.h>'
   34 | #include <limits.h>
   35 | #undef strstr
configure:4395: $? = 0
configure:4395: result: yes
configure:4409: checking for crc32 in -lz
configure:4438: gcc -o conftest -g -O2   conftest.c -lz   >&5
configure:4438: $? = 0
configure:4450: result: yes
configure:4465: checking for zlib.h
configure:4465: gcc -c -g -O2  conftest.c >&5
configure:4465: $? = 0
configure:4465: result: yes
configure:4478: checking for lzma.h
configure:4478: gcc -c -g -O2  conftest.c >&5
configure:4478: $? = 0
configure:4478: result: yes
configure:4496: checking whether CC and CXX supports -Werror-implicit-function-declaration
configure:4509: gcc -c -Werror-implicit-function-declaration  conftest.c >&5
configure:4509: $? = 0
configure:4511: result: yes
configure:4662: creating ./config.status

## ---------------------- ##
## Running config.status. ##
## ---------------------- ##

This file was extended by Firmware Mod Kit config.status 0.4.0, which was
generated by GNU Autoconf 2.72.  Invocation command line was

  CONFIG_FILES    = 
  CONFIG_HEADERS  = 
  CONFIG_LINKS    = 
  CONFIG_COMMANDS = 
  $ ./config.status 

on fuzztop


## ---------------- ##
## Cache variables. ##
## ---------------- ##

ac_cv_build=x86_64-pc-linux-gnu
ac_cv_c_compiler_gnu=yes
ac_cv_cxx_compiler_gnu=yes
ac_cv_env_CCC_set=
ac_cv_env_CCC_value=
ac_cv_env_CC_set=
ac_cv_env_CC_value=
ac_cv_env_CFLAGS_set=
ac_cv_env_CFLAGS_value=
ac_cv_env_CPPFLAGS_set=
ac_cv_env_CPPFLAGS_value=
ac_cv_env_CXXFLAGS_set=
ac_cv_env_CXXFLAGS_value=
ac_cv_env_CXX_set=
ac_cv_env_CXX_value=
ac_cv_env_LDFLAGS_set=
ac_cv_env_LDFLAGS_value=
ac_cv_env_LIBS_set=
ac_cv_env_LIBS_value=
ac_cv_env_build_alias_set=
ac_cv_env_build_alias_value=
ac_cv_env_host_alias_set=
ac_cv_env_host_alias_value=
ac_cv_env_target_alias_set=
ac_cv_env_target_alias_value=
ac_cv_func_malloc=yes
ac_cv_func_malloc_0_nonnull=yes
ac_cv_func_memset=yes
ac_cv_func_strstr=yes
ac_cv_header_arpa_inet_h=yes
ac_cv_header_fcntl_h=yes
ac_cv_header_inttypes_h=yes
ac_cv_header_lzma_h=yes
ac_cv_header_stdint_h=yes
ac_cv_header_stdio_h=yes
ac_cv_header_stdlib_h=yes
ac_cv_header_string_h=yes
ac_cv_header_strings_h=yes
ac_cv_header_sys_stat_h=yes
ac_cv_header_sys_types_h=yes
ac_cv_header_unistd_h=yes
ac_cv_header_zlib_h=yes
ac_cv_host=x86_64-pc-linux-gnu
ac_cv_lib_z_crc32=yes
ac_cv_objext=o
ac_cv_prog_ac_ct_CC=gcc
ac_cv_prog_ac_ct_CXX=g++
ac_cv_prog_cc_c11=
ac_cv_prog_cc_g=yes
ac_cv_prog_cc_stdc=
ac_cv_prog_cxx_cxx11=
ac_cv_prog_cxx_g=yes
ac_cv_prog_cxx_stdcxx=
ac_cv_type_size_t=yes

## ----------------- ##
## Output variables. ##
## ----------------- ##

CC='gcc'
CFLAGS='-g -O2 -Werror-implicit-function-declaration'
CPPFLAGS=''
CXX='g++'
CXXFLAGS='-g -O2 -Werror-implicit-function-declaration'
DEFS='-DPACKAGE_NAME=\"Firmware\ Mod\ Kit\" -DPACKAGE_TARNAME=\"firmware-mod-kit\" -DPACKAGE_VERSION=\"0.4.0\" -DPACKAGE_STRING=\"Firmware\ Mod\ Kit\ 0.4.0\" -DPACKAGE_BUGREPORT=\"http://firmware-mod-kit.googlecode.com\" -DPACKAGE_URL=\"\" -DHAVE_STDIO_H=1 -DHAVE_STDLIB_H=1 -DHAVE_STRING_H=1 -DHAVE_INTTYPES_H=1 -DHAVE_STDINT_H=1 -DHAVE_STRINGS_H=1 -DHAVE_SYS_STAT_H=1 -DHAVE_SYS_TYPES_H=1 -DHAVE_UNISTD_H=1 -DSTDC_HEADERS=1 -DHAVE_MALLOC=1 -DHAVE_ARPA_INET_H=1 -DHAVE_FCNTL_H=1 -DHAVE_STDLIB_H=1 -DHAVE_STRING_H=1 -DHAVE_UNISTD_H=1 -DHAVE_MEMSET=1 -DHAVE_MALLOC=1 -DHAVE_STRSTR=1 -DHAVE_LIBZ=1 -DHAVE_ZLIB_H=1 -DHAVE_LZMA_H=1'
ECHO_C=''
ECHO_N='-n'
ECHO_T=''
EXEEXT=''
LDFLAGS=''
LIBOBJS=''
LIBS='-lz '
LTLIBOBJS=''
OBJEXT='o'
PACKAGE_BUGREPORT='http://firmware-mod-kit.googlecode.com'
PACKAGE_NAME='Firmware Mod Kit'
PACKAGE_STRING='Firmware Mod Kit 0.4.0'
PACKAGE_TARNAME='firmware-mod-kit'
PACKAGE_URL=''
PACKAGE_VERSION='0.4.0'
PATH_SEPARATOR=':'
SHELL='/bin/bash'
ac_ct_CC='gcc'
ac_ct_CXX='g++'
bindir='${exec_prefix}/bin'
build='x86_64-pc-linux-gnu'
build_alias=''
build_cpu='x86_64'
build_os='linux-gnu'
build_vendor='pc'
datadir='${datarootdir}'
datarootdir='${prefix}/share'
docdir='${datarootdir}/doc/${PACKAGE_TARNAME}'
dvidir='${docdir}'
exec_prefix='${prefix}'
host='x86_64-pc-linux-gnu'
host_alias=''
host_cpu='x86_64'
host_os='linux-gnu'
host_vendor='pc'
htmldir='${docdir}'
includedir='${prefix}/include'
infodir='${datarootdir}/info'
libdir='${exec_prefix}/lib'
libexecdir='${exec_prefix}/libexec'
localedir='${datarootdir}/locale'
localstatedir='${prefix}/var'
mandir='${datarootdir}/man'
oldincludedir='/usr/include'
pdfdir='${docdir}'
prefix='/usr/local'
program_transform_name='s,x,x,'
psdir='${docdir}'
runstatedir='${localstatedir}/run'
sbindir='${exec_prefix}/sbin'
sharedstatedir='${prefix}/com'
sysconfdir='${prefix}/etc'
target_alias=''

## ----------- ##
## confdefs.h. ##
## ----------- ##

/* confdefs.h */
#define PACKAGE_NAME "Firmware Mod Kit"
#define PACKAGE_TARNAME "firmware-mod-kit"
#define PACKAGE_VERSION "0.4.0"
#define PACKAGE_STRING "Firmware Mod Kit 0.4.0"
#define PACKAGE_BUGREPORT "http://firmware-mod-kit.googlecode.com"
#define PACKAGE_URL ""
#define HAVE_STDIO_H 1
#define HAVE_STDLIB_H 1
#define HAVE_STRING_H 1
#define HAVE_INTTYPES_H 1
#define HAVE_STDINT_H 1
#define HAVE_STRINGS_H 1
#define HAVE_SYS_STAT_H 1
#define HAVE_SYS_TYPES_H 1
#define HAVE_UNISTD_H 1
#define STDC_HEADERS 1
#define HAVE_MALLOC 1
#define HAVE_ARPA_INET_H 1
#define HAVE_FCNTL_H 1
#define HAVE_STDLIB_H 1
#define HAVE_STRING_H 1
#define HAVE_UNISTD_H 1
#define HAVE_MEMSET 1
#define HAVE_MALLOC 1
#define HAVE_STRSTR 1
#define HAVE_LIBZ 1
#define HAVE_ZLIB_H 1
#define HAVE_LZMA_H 1

configure: exit 0
